#0 building with "desktop-linux" instance using docker driver

#1 [internal] load build definition from Dockerfile
#1 transferring dockerfile: 316B done
#1 DONE 0.0s

#2 [internal] load metadata for docker.io/library/golang:1.23-alpine
#2 ...

#3 [internal] load metadata for docker.io/library/alpine:latest
#3 DONE 0.9s

#2 [internal] load metadata for docker.io/library/golang:1.23-alpine
#2 DONE 0.9s

#4 [internal] load .dockerignore
#4 transferring context: 2B done
#4 DONE 0.0s

#5 [internal] load build context
#5 DONE 0.0s

#6 [stage-1 1/4] FROM docker.io/library/alpine:latest@sha256:865b95f46d98cf867a156fe4a135ad3fe50d2056aa3f25ed31662dff6da4eb62
#6 resolve docker.io/library/alpine:latest@sha256:865b95f46d98cf867a156fe4a135ad3fe50d2056aa3f25ed31662dff6da4eb62
#6 resolve docker.io/library/alpine:latest@sha256:865b95f46d98cf867a156fe4a135ad3fe50d2056aa3f25ed31662dff6da4eb62 0.1s done
#6 DONE 0.1s

#7 [stage-1 2/4] WORKDIR /root/
#7 CACHED

#8 [builder 1/6] FROM docker.io/library/golang:1.23-alpine@sha256:383395b794dffa5b53012a212365d40c8e37109a626ca30d6151c8348d380b5f
#8 resolve docker.io/library/golang:1.23-alpine@sha256:383395b794dffa5b53012a212365d40c8e37109a626ca30d6151c8348d380b5f 0.1s done
#8 DONE 0.1s

#9 [builder 2/6] WORKDIR /app
#9 CACHED

#5 [internal] load build context
#5 transferring context: 16.06kB 0.0s done
#5 DONE 0.0s

#10 [builder 3/6] COPY go.mod go.sum ./
#10 DONE 0.1s

#11 [builder 4/6] RUN go mod download
#11 2.092 go: golang.org/x/crypto@v0.46.0: module golang.org/x/crypto@v0.46.0 requires go >= 1.24.0 (running go 1.23.12; GOTOOLCHAIN=local)
#11 ERROR: process "/bin/sh -c go mod download" did not complete successfully: exit code: 1
------
 > [builder 4/6] RUN go mod download:
2.092 go: golang.org/x/crypto@v0.46.0: module golang.org/x/crypto@v0.46.0 requires go >= 1.24.0 (running go 1.23.12; GOTOOLCHAIN=local)
------
Dockerfile:6
--------------------
   4 |     
   5 |     COPY go.mod go.sum ./
   6 | >>> RUN go mod download
   7 |     
   8 |     COPY . .
--------------------
ERROR: failed to build: failed to solve: process "/bin/sh -c go mod download" did not complete successfully: exit code: 1
